TN:
SF:/home/margo/lab05/tests/test_Account.cpp
FN:4,_ZN20Account_Banking_TestC2Ev
FNDA:4,_ZN20Account_Banking_TestC2Ev
FN:4,_ZN20Account_Banking_TestD0Ev
FNDA:4,_ZN20Account_Banking_TestD0Ev
FN:4,_ZN20Account_Banking_TestD2Ev
FNDA:4,_ZN20Account_Banking_TestD2Ev
FN:4,_ZN20Account_Banking_Test8TestBodyEv
FNDA:4,_ZN20Account_Banking_Test8TestBodyEv
DA:4,4
DA:4,4
DA:4,4
DA:4,4
DA:6,4
DA:8,4
DA:10,4
DA:11,4
DA:12,4
DA:14,4
DA:16,4
DA:18,4
DA:19,4
DA:21,4
end_of_record
TN:
SF:/home/margo/lab05/tests/test_Transaction.cpp
FN:6,_ZN24Transaction_Banking_TestC2Ev
FNDA:3,_ZN24Transaction_Banking_TestC2Ev
FN:6,_ZN24Transaction_Banking_TestD0Ev
FNDA:3,_ZN24Transaction_Banking_TestD0Ev
FN:6,_ZN24Transaction_Banking_TestD2Ev
FNDA:3,_ZN24Transaction_Banking_TestD2Ev
FN:6,_ZN24Transaction_Banking_Test8TestBodyEv
FNDA:3,_ZN24Transaction_Banking_Test8TestBodyEv
DA:6,3
DA:6,3
DA:6,3
DA:6,3
DA:8,3
DA:10,3
DA:11,3
DA:13,3
DA:14,3
DA:15,3
DA:17,3
DA:18,3
DA:19,3
DA:20,3
DA:21,3
DA:23,3
DA:24,3
DA:25,3
DA:27,3
DA:28,3
DA:29,2
DA:31,2
DA:32,2
DA:33,2
DA:34,5
end_of_record
